<modules>
    <module>org.yajul.micro.TestConfig</module>
    <module>org.yajul.micro.MyModule</module>
</modules>